<?xml version="1.0" encoding="UTF-8"?>
<!-- Generated by org.testng.reporters.JUnitXMLReporter -->
<testsuite ignored="0" hostname="feosnotebook" failures="0" tests="4" name="Default test" time="3.177" errors="0" timestamp="2025-04-08T12:17:42 EDT">
  <testcase classname="day1.HTTPRequests" name="getUsers" time="2.003"/>
  <testcase classname="day1.HTTPRequests" name="createUser" time="0.559"/>
  <testcase classname="day1.HTTPRequests" name="updateUser" time="0.3"/>
  <testcase classname="day1.HTTPRequests" name="deleteUser" time="0.278"/>
</testsuite> <!-- Default test -->
