<?xml version="1.0" encoding="UTF-8"?>
<testng-results ignored="0" total="4" passed="4" failed="0" skipped="0">
  <reporter-output>
  </reporter-output>
  <suite started-at="2025-04-08T12:17:39 EDT" name="Default suite" finished-at="2025-04-08T12:17:42 EDT" duration-ms="3177">
    <groups>
    </groups>
    <test started-at="2025-04-08T12:17:39 EDT" name="Default test" finished-at="2025-04-08T12:17:42 EDT" duration-ms="3177">
      <class name="day1.HTTPRequests">
        <test-method signature="getUsers()[pri:1, instance:day1.HTTPRequests@233795b6]" started-at="2025-04-08T12:17:39 EDT" name="getUsers" finished-at="2025-04-08T12:17:41 EDT" duration-ms="2003" status="PASS">
          <reporter-output>
          </reporter-output>
        </test-method> <!-- getUsers -->
        <test-method signature="createUser()[pri:2, instance:day1.HTTPRequests@233795b6]" started-at="2025-04-08T12:17:41 EDT" name="createUser" finished-at="2025-04-08T12:17:42 EDT" duration-ms="559" status="PASS">
          <reporter-output>
          </reporter-output>
        </test-method> <!-- createUser -->
        <test-method signature="updateUser()[pri:3, instance:day1.HTTPRequests@233795b6]" started-at="2025-04-08T12:17:42 EDT" name="updateUser" finished-at="2025-04-08T12:17:42 EDT" depends-on-methods="day1.HTTPRequests.createUser" duration-ms="300" status="PASS">
          <reporter-output>
          </reporter-output>
        </test-method> <!-- updateUser -->
        <test-method signature="deleteUser()[pri:4, instance:day1.HTTPRequests@233795b6]" started-at="2025-04-08T12:17:42 EDT" name="deleteUser" finished-at="2025-04-08T12:17:42 EDT" duration-ms="278" status="PASS">
          <reporter-output>
          </reporter-output>
        </test-method> <!-- deleteUser -->
      </class> <!-- day1.HTTPRequests -->
    </test> <!-- Default test -->
  </suite> <!-- Default suite -->
</testng-results>
